<?xml version="1.0" encoding="UTF-8"?>
<!-- Generated by org.testng.reporters.JUnitReportReporter -->
<testsuite hostname="saurabhdubey" failures="0" tests="1" name="com.seleniumtesting111.radio" time="4.260" errors="0" timestamp="19 Mar 2023 11:03:01 GMT">
  <testcase classname="com.seleniumtesting111.radio" name="radio" time="4.260"/>
</testsuite> <!-- com.seleniumtesting111.radio -->
