<?xml version="1.0" encoding="UTF-8"?>
<!-- Generated by org.testng.reporters.JUnitReportReporter -->
<testsuite hostname="saurabhdubey" failures="0" tests="1" name="com.seleniumtesting111.radioTNG" time="4.235" errors="0" timestamp="19 Mar 2023 11:55:21 GMT">
  <testcase classname="com.seleniumtesting111.radioTNG" name="radio" time="4.235"/>
</testsuite> <!-- com.seleniumtesting111.radioTNG -->
