<?xml version="1.0" encoding="UTF-8"?>
<!-- Generated by org.testng.reporters.JUnitReportReporter -->
<testsuite hostname="saurabhdubey" failures="0" tests="2" name="com.seleniumtesting111.Task250323" time="12.123" errors="0" timestamp="25 Mar 2023 11:36:16 GMT">
  <testcase classname="com.seleniumtesting111.Task250323" name="upload" time="7.716"/>
  <testcase classname="com.seleniumtesting111.Task250323" name="select2" time="4.407"/>
</testsuite> <!-- com.seleniumtesting111.Task250323 -->
