<?xml version="1.0" encoding="UTF-8"?>
<!-- Generated by org.testng.reporters.JUnitReportReporter -->
<testsuite hostname="saurabhdubey" failures="0" tests="1" name="ByusingtestXML.verylogin" time="4.520" errors="0" timestamp="19 Mar 2023 10:48:53 GMT">
  <testcase classname="ByusingtestXML.verylogin" name="login" time="4.520"/>
</testsuite> <!-- ByusingtestXML.verylogin -->
