<?xml version="1.0" encoding="UTF-8"?>
<!-- Generated by org.testng.reporters.JUnitReportReporter -->
<testsuite hostname="saurabhdubey" failures="0" tests="3" name="com.seleniumtesting111.loginTestng" time="4.540" errors="0" timestamp="19 Mar 2023 11:03:01 GMT">
  <testcase classname="com.seleniumtesting111.loginTestng" name="VeryTile" time="0.016"/>
  <testcase classname="com.seleniumtesting111.loginTestng" name="verifyUrl" time="0.032"/>
  <testcase classname="com.seleniumtesting111.loginTestng" name="login" time="4.492"/>
</testsuite> <!-- com.seleniumtesting111.loginTestng -->
