<?xml version="1.0" encoding="UTF-8"?>
<!-- Generated by org.testng.reporters.JUnitReportReporter -->
<testsuite hostname="saurabhdubey" failures="0" tests="1" name="ByusingtestXML.title" time="0.028" errors="0" timestamp="19 Mar 2023 10:48:53 GMT">
  <testcase classname="ByusingtestXML.title" name="titile" time="0.028"/>
</testsuite> <!-- ByusingtestXML.title -->
