<?xml version="1.0" encoding="UTF-8"?>
<!-- Generated by org.testng.reporters.JUnitReportReporter -->
<testsuite hostname="saurabhdubey" failures="0" tests="1" name="com.seleniumtesting111.radiobutton" time="4.238" errors="0" timestamp="19 Mar 2023 10:50:51 GMT">
  <testcase classname="com.seleniumtesting111.radiobutton" name="radio" time="4.238"/>
</testsuite> <!-- com.seleniumtesting111.radiobutton -->
