<?xml version="1.0" encoding="UTF-8"?>
<!-- Generated by org.testng.reporters.JUnitReportReporter -->
<testsuite hostname="saurabhdubey" failures="0" tests="1" name="com.seleniumtesting111.TextTNG" time="14.883" errors="0" timestamp="19 Mar 2023 11:55:21 GMT">
  <testcase classname="com.seleniumtesting111.TextTNG" name="text" time="14.883"/>
</testsuite> <!-- com.seleniumtesting111.TextTNG -->
